Arguments: 
  /usr/local/bin/node /usr/local/bin/yarn add types/bluebird

PATH: 
  /Users/samuelballan/.yarn/bin:/Users/samuelballan/bin:/Users/samuelballan/.rvm/gems/ruby-2.3.0/bin:/Users/samuelballan/.rvm/gems/ruby-2.3.0@global/bin:/Users/samuelballan/.rvm/rubies/ruby-2.3.0/bin:/Users/samuelballan/bin:/usr/local/bin:/usr/bin:/bin:/usr/sbin:/sbin:/Applications/Android Studio.app/Content:/Users/samuelballan/Library/Android/sdk/platform-tool:/Users/samuelballan/.rvm/bin

Yarn version: 
  0.18.1

Node version: 
  6.6.0

Platform: 
  darwin x64

npm manifest: 
  {
    "name": "markov",
    "version": "0.0.1",
    "description": "markov chain tool",
    "main": "index.js",
    "author": "Samuel Ballan",
    "license": "MIT",
    "scripts": {
      "deploy": "npm run browserify && npm run surge",
      "surge": "surge ./dist sballan.markov.surge.sh",
      "browserify": "browserify ./dist/js/start.js -o ./dist/bundle.js"
    },
    "dependencies": {
      "@types/lodash": "^4.14.44",
      "@types/node": "^6.0.52",
      "bluebird": "^3.4.7",
      "jasmine": "^2.5.2",
      "lodash": "^4.17.2",
      "redis": "^2.6.4",
      "tsc": "^1.20150623.0",
      "typescript": "^2.0.10"
    },
    "repository": "https://github.com/sballan/markov.git"
  }

yarn manifest: 
  No manifest

Lockfile: 
  # THIS IS AN AUTOGENERATED FILE. DO NOT EDIT THIS FILE DIRECTLY.
  # yarn lockfile v1
  
  
  "@types/lodash@^4.14.44":
    version "4.14.44"
    resolved "https://registry.yarnpkg.com/@types/lodash/-/lodash-4.14.44.tgz#04585ff0b80d5e434a5f86f15e7964be4f775cba"
  
  "@types/node@^6.0.52":
    version "6.0.52"
    resolved "https://registry.yarnpkg.com/@types/node/-/node-6.0.52.tgz#1ac3a99b42320f9e463482f25af4c2359473aaa6"
  
  balanced-match@^0.4.1:
    version "0.4.2"
    resolved "https://registry.yarnpkg.com/balanced-match/-/balanced-match-0.4.2.tgz#cb3f3e3c732dc0f01ee70b403f302e61d7709838"
  
  bluebird@^3.4.7:
    version "3.4.7"
    resolved "https://registry.yarnpkg.com/bluebird/-/bluebird-3.4.7.tgz#f72d760be09b7f76d08ed8fae98b289a8d05fab3"
  
  brace-expansion@^1.0.0:
    version "1.1.6"
    resolved "https://registry.yarnpkg.com/brace-expansion/-/brace-expansion-1.1.6.tgz#7197d7eaa9b87e648390ea61fc66c84427420df9"
    dependencies:
      balanced-match "^0.4.1"
      concat-map "0.0.1"
  
  concat-map@0.0.1:
    version "0.0.1"
    resolved "https://registry.yarnpkg.com/concat-map/-/concat-map-0.0.1.tgz#d8a96bd77fd68df7793a73036a3ba0d5405d477b"
  
  double-ended-queue@^2.1.0-0:
    version "2.1.0-0"
    resolved "https://registry.yarnpkg.com/double-ended-queue/-/double-ended-queue-2.1.0-0.tgz#103d3527fd31528f40188130c841efdd78264e5c"
  
  exit@^0.1.2:
    version "0.1.2"
    resolved "https://registry.yarnpkg.com/exit/-/exit-0.1.2.tgz#0632638f8d877cc82107d30a0fff1a17cba1cd0c"
  
  fs.realpath@^1.0.0:
    version "1.0.0"
    resolved "https://registry.yarnpkg.com/fs.realpath/-/fs.realpath-1.0.0.tgz#1504ad2523158caa40db4a2787cb01411994ea4f"
  
  glob@^7.0.6:
    version "7.1.1"
    resolved "https://registry.yarnpkg.com/glob/-/glob-7.1.1.tgz#805211df04faaf1c63a3600306cdf5ade50b2ec8"
    dependencies:
      fs.realpath "^1.0.0"
      inflight "^1.0.4"
      inherits "2"
      minimatch "^3.0.2"
      once "^1.3.0"
      path-is-absolute "^1.0.0"
  
  inflight@^1.0.4:
    version "1.0.6"
    resolved "https://registry.yarnpkg.com/inflight/-/inflight-1.0.6.tgz#49bd6331d7d02d0c09bc910a1075ba8165b56df9"
    dependencies:
      once "^1.3.0"
      wrappy "1"
  
  inherits@2:
    version "2.0.3"
    resolved "https://registry.yarnpkg.com/inherits/-/inherits-2.0.3.tgz#633c2c83e3da42a502f52466022480f4208261de"
  
  jasmine-core@~2.5.2:
    version "2.5.2"
    resolved "https://registry.yarnpkg.com/jasmine-core/-/jasmine-core-2.5.2.tgz#6f61bd79061e27f43e6f9355e44b3c6cab6ff297"
  
  jasmine@^2.5.2:
    version "2.5.2"
    resolved "https://registry.yarnpkg.com/jasmine/-/jasmine-2.5.2.tgz#6283cef7085c095cc25d651e954df004f7e3e421"
    dependencies:
      exit "^0.1.2"
      glob "^7.0.6"
      jasmine-core "~2.5.2"
  
  lodash@^4.17.2:
    version "4.17.2"
    resolved "https://registry.yarnpkg.com/lodash/-/lodash-4.17.2.tgz#34a3055babe04ce42467b607d700072c7ff6bf42"
  
  minimatch@^3.0.2:
    version "3.0.3"
    resolved "https://registry.yarnpkg.com/minimatch/-/minimatch-3.0.3.tgz#2a4e4090b96b2db06a9d7df01055a62a77c9b774"
    dependencies:
      brace-expansion "^1.0.0"
  
  once@^1.3.0:
    version "1.4.0"
    resolved "https://registry.yarnpkg.com/once/-/once-1.4.0.tgz#583b1aa775961d4b113ac17d9c50baef9dd76bd1"
    dependencies:
      wrappy "1"
  
  path-is-absolute@^1.0.0:
    version "1.0.1"
    resolved "https://registry.yarnpkg.com/path-is-absolute/-/path-is-absolute-1.0.1.tgz#174b9268735534ffbc7ace6bf53a5a9e1b5c5f5f"
  
  redis-commands@^1.2.0:
    version "1.3.0"
    resolved "https://registry.yarnpkg.com/redis-commands/-/redis-commands-1.3.0.tgz#4307d8094aee1315829ab6729b37b99f62365d63"
  
  redis-parser@^2.0.0:
    version "2.3.0"
    resolved "https://registry.yarnpkg.com/redis-parser/-/redis-parser-2.3.0.tgz#313a47965e49ee35ab3a86c93388b403d76237f6"
  
  redis@^2.6.4:
    version "2.6.4"
    resolved "https://registry.yarnpkg.com/redis/-/redis-2.6.4.tgz#220577c2409c23a1d144a8f85304beb70104ab95"
    dependencies:
      double-ended-queue "^2.1.0-0"
      redis-commands "^1.2.0"
      redis-parser "^2.0.0"
  
  tsc@^1.20150623.0:
    version "1.20150623.0+f2044a901165a2a97813772353b57dd9ed4796ca"
    resolved "https://registry.yarnpkg.com/tsc/-/tsc-1.20150623.0.tgz#4ebc3c774e169148cbc768a7342533f082c7a6e5"
  
  typescript@^2.0.10:
    version "2.1.4"
    resolved "https://registry.yarnpkg.com/typescript/-/typescript-2.1.4.tgz#b53b69fb841126acb1dd4b397d21daba87572251"
  
  wrappy@1:
    version "1.0.2"
    resolved "https://registry.yarnpkg.com/wrappy/-/wrappy-1.0.2.tgz#b5243d8f3ec1aa35f1364605bc0d1036e30ab69f"

Trace: 
  Error: Error connecting to repository. Please, check the url.
      at /usr/local/lib/node_modules/yarn/lib/resolvers/exotics/hosted-git-resolver.js:135:15
      at next (native)
      at step (/usr/local/lib/node_modules/yarn/node_modules/babel-runtime/helpers/asyncToGenerator.js:17:30)
      at /usr/local/lib/node_modules/yarn/node_modules/babel-runtime/helpers/asyncToGenerator.js:28:13
      at process._tickCallback (internal/process/next_tick.js:103:7)
